<?xml version="1.0" encoding="UTF-8" standalone="no"?><testsuite errors="0" failures="0" name="Testing Robot class functionality." skipped="0" tests="7" time="167.74" timestamp="2022-08-08 02:48:33"><testcase name="MyAccount Page"/><testcase name="Handling Alerts"/><testcase name="Handling multiple windows"/><testcase name="Uploading file using sendKeys &amp; Robot class"/><testcase name="Using DragandDrop Functionality"/><testcase name="Using Cookie handling functionality."/><testcase name="Radiobutton Functionality"/></testsuite>